<?xml version="1.0" encoding="UTF-8"?>
<!-- Generated by org.testng.reporters.JUnitReportReporter -->
<testsuite hostname="Aditya" failures="0" tests="1" name="Assessment.DemoQa_Form" time="79.416" errors="0" timestamp="2024-09-19T12:20:13 IST" skipped="0">
  <testcase classname="Assessment.DemoQa_Form" name="fillForm" time="79.416"/>
</testsuite> <!-- Assessment.DemoQa_Form -->
