<?xml version="1.0" encoding="UTF-8"?>
<!-- Generated by org.testng.reporters.JUnitReportReporter -->
<testsuite hostname="Aditya" failures="0" tests="2" name="Assessment.WebTable_DemoQA" time="12.417" errors="0" timestamp="2024-09-25T11:32:00 IST" skipped="0">
  <testcase classname="Assessment.WebTable_DemoQA" name="editGivenName" time="10.311"/>
  <testcase classname="Assessment.WebTable_DemoQA" name="deleteGivenName" time="2.106"/>
</testsuite> <!-- Assessment.WebTable_DemoQA -->
