<?xml version="1.0" encoding="UTF-8"?>
<!-- Generated by org.testng.reporters.JUnitReportReporter -->
<testsuite hostname="Aditya" failures="0" tests="6" name="mvn.Assignment_8.KDF" time="10.816" errors="0" timestamp="2024-09-13T11:59:01 IST" skipped="0">
  <testcase classname="mvn.Assignment_8.KDF" name="test" time="2.114"/>
  <testcase classname="mvn.Assignment_8.KDF" name="test" time="2.944"/>
  <testcase classname="mvn.Assignment_8.KDF" name="test" time="2.078"/>
  <testcase classname="mvn.Assignment_8.KDF" name="test" time="1.447"/>
  <testcase classname="mvn.Assignment_8.KDF" name="test" time="0.141"/>
  <testcase classname="mvn.Assignment_8.KDF" name="test" time="2.092"/>
</testsuite> <!-- mvn.Assignment_8.KDF -->
