<?xml version="1.0" encoding="UTF-8"?>
<!-- Generated by org.testng.reporters.JUnitReportReporter -->
<testsuite hostname="Aditya" failures="0" tests="1" name="mvn.Assignment_8.DDF" time="80.281" errors="0" timestamp="2024-09-13T11:45:42 IST" skipped="0">
  <testcase classname="mvn.Assignment_8.DDF" name="test" time="80.281"/>
</testsuite> <!-- mvn.Assignment_8.DDF -->
