<?xml version="1.0" encoding="UTF-8"?>
<!-- Generated by org.testng.reporters.JUnitReportReporter -->
<testsuite hostname="Aditya" failures="0" tests="1" name="Assessment.WebTable_DemoQA" time="2.100" errors="0" timestamp="2024-09-22T11:42:46 IST" skipped="0">
  <testcase classname="Assessment.WebTable_DemoQA" name="deleteGivenName" time="2.100"/>
</testsuite> <!-- Assessment.WebTable_DemoQA -->
