<?xml version="1.0" encoding="UTF-8"?>
<!-- Generated by org.testng.reporters.JUnitReportReporter -->
<testsuite hostname="Aditya" failures="0" tests="1" name="Assessment.DemoQa_Form" time="24.032" errors="0" timestamp="2024-09-25T11:16:00 IST" skipped="0">
  <testcase classname="Assessment.DemoQa_Form" name="fillForm" time="24.032"/>
</testsuite> <!-- Assessment.DemoQa_Form -->
