<?xml version="1.0" encoding="UTF-8"?>
<!-- Generated by org.testng.reporters.JUnitReportReporter -->
<testsuite hostname="Aditya" failures="0" tests="6" name="mvn.Assignment_8.HDF" time="10.871" errors="0" timestamp="2024-09-13T11:59:21 IST" skipped="0">
  <testcase classname="mvn.Assignment_8.HDF" name="test" time="2.089"/>
  <testcase classname="mvn.Assignment_8.HDF" name="test" time="0.113"/>
  <testcase classname="mvn.Assignment_8.HDF" name="test" time="2.093"/>
  <testcase classname="mvn.Assignment_8.HDF" name="test" time="1.509"/>
  <testcase classname="mvn.Assignment_8.HDF" name="test" time="2.052"/>
  <testcase classname="mvn.Assignment_8.HDF" name="test" time="3.015"/>
</testsuite> <!-- mvn.Assignment_8.HDF -->
