<?xml version="1.0" encoding="UTF-8"?>
<!-- Generated by org.testng.reporters.JUnitReportReporter -->
<testsuite hostname="Aditya" failures="0" tests="2" name="assignmentt3.TestNG_Parameter_FB" time="19.253" errors="0" timestamp="2024-08-24T22:31:43 IST" skipped="0">
  <testcase classname="assignmentt3.TestNG_Parameter_FB" name="testFacebookLogin" time="10.487"/>
  <system-out/>
  <testcase classname="assignmentt3.TestNG_Parameter_FB" name="testFacebookLogin" time="8.766"/>
  <system-out/>
</testsuite> <!-- assignmentt3.TestNG_Parameter_FB -->
