<?xml version="1.0" encoding="UTF-8"?>
<!-- Generated by org.testng.reporters.JUnitReportReporter -->
<testsuite hostname="Aditya" failures="0" tests="4" name="assignmentt3.TestNG_Group" time="0.010" errors="0" timestamp="2024-08-24T22:40:12 IST" skipped="0">
  <testcase classname="assignmentt3.TestNG_Group" name="green1" time="0.007"/>
  <system-out/>
  <testcase classname="assignmentt3.TestNG_Group" name="green3" time="0.001"/>
  <system-out/>
  <testcase classname="assignmentt3.TestNG_Group" name="green2" time="0.001"/>
  <system-out/>
  <testcase classname="assignmentt3.TestNG_Group" name="green_red" time="0.001"/>
  <system-out/>
</testsuite> <!-- assignmentt3.TestNG_Group -->
